[23224:21276:0218/212714.633:INFO:chrome_browser_cloud_management_controller.cc(196)] No machine level policy manager exists.
[7500:3352:0218/212715.436:WARNING:viz_main_impl.cc(85)] VizNullHypothesis is disabled (not a warning)
[23224:21276:0218/212716.689:INFO:CONSOLE(0)] "[DOM] Input elements should have autocomplete attributes (suggested: "current-password"): (More info: https://goo.gl/9p2vKq) %o", source: https://authentication.ubc.ca/idp/profile/SAML2/Redirect/SSO?execution=e1s1 (0)
[23224:21276:0218/212717.975:INFO:CONSOLE(0)] "Refused to load the image 'https://duo.com/' because it violates the following Content Security Policy directive: "img-src 'self'".
", source: https://api-ee00e039.duosecurity.com/frame/frameless/v4/auth?sid=frameless-6656094f-2c50-4228-bc23-27f5c9f0c86b&tx=eyJ0eXAiOiJKV1QiLCJhbGciOiJIUzUxMiJ9.eyJkdW9fdW5hbWUiOiJtYXNpYSIsInNjb3BlIjoib3BlbmlkIiwicmVzcG9uc2VfdHlwZSI6ImNvZGUiLCJyZWRpcmVjdF91cmkiOiJodHRwczovL2F1dGhlbnRpY2F0aW9uLnViYy5jYS9pZHAvcHJvZmlsZS9BdXRobi9EdW8vMkZBL2R1by1jYWxsYmFjayIsInN0YXRlIjoiZjIwMWFjNTFhZmM1NDMxNGEzN2I0YmQ1NWY4NTM3NDAuNjUzMTczMzIiLCJleHAiOjE3Mzk5NDY0MzcsImNsaWVudF9pZCI6IkRJTEtHSEVHSlo2MEIyVDROQjRNIn0.lO6b32K9Pijy6uVo5Du5y9xgaDLn97kE16IvipMa2Qh5oO6eklnzm75r2RSgbeF8l4WcvTXU5nWwSugIPzj0og&req-trace-group=68618b7c665a246cf4254ab9 (0)
[23224:21276:0218/212718.518:INFO:CONSOLE(0)] "Refused to load the image 'https://duo.com/' because it violates the following Content Security Policy directive: "img-src 'self' ux-asset-commercial.duosecurity.com".
", source: https://api-ee00e039.duosecurity.com/frame/v4/preauth/healthcheck?sid=frameless-6656094f-2c50-4228-bc23-27f5c9f0c86b (0)
[23224:21276:0218/212719.184:INFO:CONSOLE(0)] "Uncaught (in promise) undefined", source: https://api-ee00e039.duosecurity.com/frame/v4/preauth/healthcheck?sid=frameless-6656094f-2c50-4228-bc23-27f5c9f0c86b (0)
[23224:21276:0218/212719.667:INFO:CONSOLE(0)] "Refused to load the image 'https://duo.com/' because it violates the following Content Security Policy directive: "img-src 'self'".
", source: https://api-ee00e039.duosecurity.com/frame/frameless/v4/auth?sid=frameless-6656094f-2c50-4228-bc23-27f5c9f0c86b&tx=eyJ0eXAiOiJKV1QiLCJhbGciOiJIUzUxMiJ9.eyJkdW9fdW5hbWUiOiJtYXNpYSIsInNjb3BlIjoib3BlbmlkIiwicmVzcG9uc2VfdHlwZSI6ImNvZGUiLCJyZWRpcmVjdF91cmkiOiJodHRwczovL2F1dGhlbnRpY2F0aW9uLnViYy5jYS9pZHAvcHJvZmlsZS9BdXRobi9EdW8vMkZBL2R1by1jYWxsYmFjayIsInN0YXRlIjoiZjIwMWFjNTFhZmM1NDMxNGEzN2I0YmQ1NWY4NTM3NDAuNjUzMTczMzIiLCJleHAiOjE3Mzk5NDY0MzcsImNsaWVudF9pZCI6IkRJTEtHSEVHSlo2MEIyVDROQjRNIn0.lO6b32K9Pijy6uVo5Du5y9xgaDLn97kE16IvipMa2Qh5oO6eklnzm75r2RSgbeF8l4WcvTXU5nWwSugIPzj0og (0)
[23224:21276:0218/212723.564:INFO:CONSOLE(1)] "Enabling Bootstrap compatibility layer.", source: https://us.prairielearn.com/assets/us-prod/main/build/scripts/application-R3BCQBZK.js (1)
[23224:21276:0218/212723.608:INFO:CONSOLE(1)] "Bootstrap 5 replaced .sr-only.sr-only-focusable with .visually-hidden-focusable. Please update your HTML. [object HTMLAnchorElement]", source: https://us.prairielearn.com/assets/us-prod/main/build/scripts/application-R3BCQBZK.js (1)
[23224:21276:0218/212723.608:INFO:CONSOLE(1)] "Bootstrap 5 replaced data-target with data-bs-target. Please update your HTML. [object HTMLButtonElement]", source: https://us.prairielearn.com/assets/us-prod/main/build/scripts/application-R3BCQBZK.js (1)
[23224:21276:0218/212723.608:INFO:CONSOLE(1)] "Bootstrap 5 replaced data-toggle with data-bs-toggle. Please update your HTML. [object HTMLButtonElement]", source: https://us.prairielearn.com/assets/us-prod/main/build/scripts/application-R3BCQBZK.js (1)
[23224:21276:0218/212723.608:INFO:CONSOLE(1)] "Bootstrap 5 replaced data-toggle with data-bs-toggle. Please update your HTML. [object HTMLAnchorElement]", source: https://us.prairielearn.com/assets/us-prod/main/build/scripts/application-R3BCQBZK.js (1)
[23224:21276:0218/212723.610:INFO:CONSOLE(1)] "Bootstrap 5 replaced .mr-auto with .me-auto. Please update your HTML. [object HTMLUListElement]", source: https://us.prairielearn.com/assets/us-prod/main/build/scripts/application-R3BCQBZK.js (1)
[23224:21276:0218/212723.610:INFO:CONSOLE(1)] "Bootstrap 5 replaced .mr-2 with .me-2. Please update your HTML. [object HTMLLIElement]", source: https://us.prairielearn.com/assets/us-prod/main/build/scripts/application-R3BCQBZK.js (1)
[23224:21276:0218/212723.610:INFO:CONSOLE(1)] "Bootstrap 5 replaced .dropdown-menu-right with .dropdown-menu-end. Please update your HTML. [object HTMLDivElement]", source: https://us.prairielearn.com/assets/us-prod/main/build/scripts/application-R3BCQBZK.js (1)
[23224:21276:0218/212723.610:INFO:CONSOLE(1)] "Bootstrap 5 replaced .mr-1 with .me-1. Please update your HTML. [object HTMLSpanElement]", source: https://us.prairielearn.com/assets/us-prod/main/build/scripts/application-R3BCQBZK.js (1)
[23224:21276:0218/212723.612:INFO:CONSOLE(1)] "Bootstrap 5 replaced .mr-1 with .me-1. Please update your HTML. [object HTMLSpanElement]", source: https://us.prairielearn.com/assets/us-prod/main/build/scripts/application-R3BCQBZK.js (1)
[23224:21276:0218/212723.612:INFO:CONSOLE(1)] "Bootstrap 5 replaced .ml-2 with .ms-2. Please update your HTML. [object HTMLAnchorElement]", source: https://us.prairielearn.com/assets/us-prod/main/build/scripts/application-R3BCQBZK.js (1)
[23224:21276:0218/212723.612:INFO:CONSOLE(1)] "Bootstrap 5 replaced .ml-auto with .ms-auto. Please update your HTML. [object HTMLAnchorElement]", source: https://us.prairielearn.com/assets/us-prod/main/build/scripts/application-R3BCQBZK.js (1)
[23224:21276:0218/212723.612:INFO:CONSOLE(1)] "Bootstrap 5 replaced .font-weight-bold with .fw-bold. Please update your HTML. [object HTMLHeadingElement]", source: https://us.prairielearn.com/assets/us-prod/main/build/scripts/application-R3BCQBZK.js (1)
[23224:21276:0218/212723.613:INFO:CONSOLE(1)] "Bootstrap 5 replaced .font-weight-bold with .fw-bold. Please update your HTML. [object HTMLHeadingElement]", source: https://us.prairielearn.com/assets/us-prod/main/build/scripts/application-R3BCQBZK.js (1)
[23224:21276:0218/212723.613:INFO:CONSOLE(1)] "Bootstrap 5 replaced .sr-only with .visually-hidden. Please update your HTML. [object HTMLHeadingElement]", source: https://us.prairielearn.com/assets/us-prod/main/build/scripts/application-R3BCQBZK.js (1)
[23224:21276:0218/212734.632:WARNING:page_discarding_helper.cc(150)] Discarding multiple pages with target (kb): 0, discard_protected_tabs: 0
[23224:21276:0218/212740.238:WARNING:page_discarding_helper.cc(150)] Discarding multiple pages with target (kb): 0, discard_protected_tabs: 0
[16664:1452:0218/212741.211:WARNING:sqlite_persistent_store_backend_base.cc(198)] Failed to post task from FlushAndNotifyInBackground@net\extras\sqlite\sqlite_persistent_store_backend_base.cc:248 to client_task_runner_.
[16664:1452:0218/212741.211:WARNING:sqlite_persistent_store_backend_base.cc(198)] Failed to post task from FlushAndNotifyInBackground@net\extras\sqlite\sqlite_persistent_store_backend_base.cc:248 to client_task_runner_.
